[termius.com/privacy-policy.html]
[backblue.gif]
[fade.gif]
[index.html]
[termius.com/pricing.html]
[termius.com/index.html]
[termius.com/teams.html]
[termius.com/ios.html]
[termius.com/android.html]
[termius.com/mac-os.html]
[termius.com/windows.html]
[termius.com/linux.html]
[termius.com/education.html]
[termius.com/beta-program.html]
[termius.com/careers.html]
[termius.com/brand-resources.html]
[termius.com/terms-of-use.html]
[termius.com/privacy-policy.html]
[termius.com/index.html]
[termius.com/download.html]
[termius.com/pricing.html]
[termius.com/teams.html]
[termius.com/ios.html]
[termius.com/android.html]
[termius.com/mac-os.html]
[termius.com/windows.html]
[termius.com/linux.html]
[termius.com/education.html]
[termius.com/beta-program.html]
[termius.com/careers.html]
[termius.com/brand-resources.html]
[termius.com/terms-of-use.html]
[termius.com/download.html]
[termius.com/careers/product-designer.html]
[termius.com/careers/backend-developer.html]
[termius.com/careers/qa-engineer.html]
